D:\github\Kehua-player\Client\BscMake.command.1.tlog
D:\github\Kehua-player\Client\bscmake.read.1.tlog
D:\github\Kehua-player\Client\bscmake.write.1.tlog
D:\github\Kehua-player\Client\cl.command.1.tlog
D:\github\Kehua-player\Client\CL.read.1.tlog
D:\github\Kehua-player\Client\CL.write.1.tlog
D:\GITHUB\KEHUA-PLAYER\CLIENT\DALLASDLG.SBR
D:\GITHUB\KEHUA-PLAYER\CLIENT\DEBUG\DALLASDLG.OBJ
D:\GITHUB\KEHUA-PLAYER\CLIENT\DEBUG\DLGPROXY.OBJ
D:\GITHUB\KEHUA-PLAYER\CLIENT\DEBUG\EEPROMDLG.OBJ
D:\GITHUB\KEHUA-PLAYER\CLIENT\DEBUG\MSCOMM.OBJ
D:\GITHUB\KEHUA-PLAYER\CLIENT\DEBUG\MYTEST.BSC
D:\GITHUB\KEHUA-PLAYER\CLIENT\DEBUG\MYTEST.OBJ
D:\GITHUB\KEHUA-PLAYER\CLIENT\DEBUG\MYTEST.PCH
D:\GITHUB\KEHUA-PLAYER\CLIENT\DEBUG\MYTEST.TLB
D:\GITHUB\KEHUA-PLAYER\CLIENT\DEBUG\MYTESTDLG.OBJ
D:\GITHUB\KEHUA-PLAYER\CLIENT\DEBUG\RELAYDLG.OBJ
D:\GITHUB\KEHUA-PLAYER\CLIENT\DEBUG\STDAFX.OBJ
D:\GITHUB\KEHUA-PLAYER\CLIENT\DEBUG\VC100.PDB
D:\GITHUB\KEHUA-PLAYER\CLIENT\DLGPROXY.SBR
D:\GITHUB\KEHUA-PLAYER\CLIENT\EEPROMDLG.SBR
D:\GITHUB\KEHUA-PLAYER\CLIENT\KEHUA.EXE
D:\GITHUB\KEHUA-PLAYER\CLIENT\KEHUA.EXE.EMBED.MANIFEST
D:\GITHUB\KEHUA-PLAYER\CLIENT\KEHUA.EXE.EMBED.MANIFEST.RES
D:\GITHUB\KEHUA-PLAYER\CLIENT\KEHUA.EXE.INTERMEDIATE.MANIFEST
D:\GITHUB\KEHUA-PLAYER\CLIENT\KEHUA.ILK
D:\GITHUB\KEHUA-PLAYER\CLIENT\KEHUA.PDB
D:\github\Kehua-player\Client\Kehua.write.1.tlog
D:\github\Kehua-player\Client\Kehua_manifest.rc
D:\github\Kehua-player\Client\link.command.1.tlog
D:\github\Kehua-player\Client\link.read.1.tlog
D:\github\Kehua-player\Client\link.write.1.tlog
D:\github\Kehua-player\Client\link-cvtres.read.1.tlog
D:\github\Kehua-player\Client\link-cvtres.write.1.tlog
D:\github\Kehua-player\Client\midl.command.1.tlog
D:\github\Kehua-player\Client\midl.read.1.tlog
D:\github\Kehua-player\Client\midl.write.1.tlog
D:\github\Kehua-player\Client\midl-midlc.read.1.tlog
D:\github\Kehua-player\Client\midl-midlc.write.1.tlog
D:\github\Kehua-player\Client\midl-midlc-cl.read.1.tlog
D:\GITHUB\KEHUA-PLAYER\CLIENT\MSCOMM.SBR
D:\github\Kehua-player\Client\mt.command.1.tlog
D:\github\Kehua-player\Client\mt.read.1.tlog
D:\github\Kehua-player\Client\mt.write.1.tlog
D:\github\Kehua-player\Client\MyTest.exe.intermediate.manifest
D:\GITHUB\KEHUA-PLAYER\CLIENT\MYTEST.RES
D:\GITHUB\KEHUA-PLAYER\CLIENT\MYTEST.SBR
D:\GITHUB\KEHUA-PLAYER\CLIENT\MYTEST_H.H
D:\GITHUB\KEHUA-PLAYER\CLIENT\MYTEST_I.C
D:\GITHUB\KEHUA-PLAYER\CLIENT\MYTESTDLG.SBR
D:\github\Kehua-player\Client\POWERCUBE500.exe.intermediate.manifest
D:\github\Kehua-player\Client\POWERCUBE500.write.1.tlog
D:\github\Kehua-player\Client\rc.command.1.tlog
D:\github\Kehua-player\Client\rc.read.1.tlog
D:\github\Kehua-player\Client\rc.write.1.tlog
D:\GITHUB\KEHUA-PLAYER\CLIENT\RELAYDLG.SBR
D:\GITHUB\KEHUA-PLAYER\CLIENT\STDAFX.SBR
E:\ESOFT\深圳同为旭业舒总\HUAWEI UPS\POWERCUBE1000_CLIENT\MYTEST.RES
E:\ESOFT\深圳同为旭业舒总\HUAWEI UPS\POWERCUBE1000_CLIENT\POWERCUBE1000.EXE
E:\ESOFT\深圳同为旭业舒总\HUAWEI UPS\POWERCUBE1000_CLIENT\RELEASE\DALLASDLG.OBJ
E:\ESOFT\深圳同为旭业舒总\HUAWEI UPS\POWERCUBE1000_CLIENT\RELEASE\DLGPROXY.OBJ
E:\ESOFT\深圳同为旭业舒总\HUAWEI UPS\POWERCUBE1000_CLIENT\RELEASE\EEPROMDLG.OBJ
E:\ESOFT\深圳同为旭业舒总\HUAWEI UPS\POWERCUBE1000_CLIENT\RELEASE\MSCOMM.OBJ
E:\ESOFT\深圳同为旭业舒总\HUAWEI UPS\POWERCUBE1000_CLIENT\RELEASE\MYTEST.OBJ
E:\ESOFT\深圳同为旭业舒总\HUAWEI UPS\POWERCUBE1000_CLIENT\RELEASE\MYTEST.PCH
E:\ESOFT\深圳同为旭业舒总\HUAWEI UPS\POWERCUBE1000_CLIENT\RELEASE\MYTESTDLG.OBJ
E:\ESOFT\深圳同为旭业舒总\HUAWEI UPS\POWERCUBE1000_CLIENT\RELEASE\RELAYDLG.OBJ
E:\ESOFT\深圳同为旭业舒总\HUAWEI UPS\POWERCUBE1000_CLIENT\RELEASE\STDAFX.OBJ
E:\ESOFT\深圳同为旭业舒总\HUAWEI UPS\POWERCUBE1000_CLIENT\RELEASE\VC100.PDB
E:\ESOFT\深圳同为旭业舒总\HUAWEI UPS\POWERCUBE500_CLIENT\MYTEST.RES
E:\ESOFT\深圳同为旭业舒总\HUAWEI UPS\POWERCUBE500_CLIENT\POWERCUBE500.EXE
E:\ESOFT\深圳同为旭业舒总\HUAWEI UPS\POWERCUBE500_CLIENT\RELEASE\DALLASDLG.OBJ
E:\ESOFT\深圳同为旭业舒总\HUAWEI UPS\POWERCUBE500_CLIENT\RELEASE\DLGPROXY.OBJ
E:\ESOFT\深圳同为旭业舒总\HUAWEI UPS\POWERCUBE500_CLIENT\RELEASE\EEPROMDLG.OBJ
E:\ESOFT\深圳同为旭业舒总\HUAWEI UPS\POWERCUBE500_CLIENT\RELEASE\MSCOMM.OBJ
E:\ESOFT\深圳同为旭业舒总\HUAWEI UPS\POWERCUBE500_CLIENT\RELEASE\MYTEST.OBJ
E:\ESOFT\深圳同为旭业舒总\HUAWEI UPS\POWERCUBE500_CLIENT\RELEASE\MYTEST.PCH
E:\ESOFT\深圳同为旭业舒总\HUAWEI UPS\POWERCUBE500_CLIENT\RELEASE\MYTESTDLG.OBJ
E:\ESOFT\深圳同为旭业舒总\HUAWEI UPS\POWERCUBE500_CLIENT\RELEASE\RELAYDLG.OBJ
E:\ESOFT\深圳同为旭业舒总\HUAWEI UPS\POWERCUBE500_CLIENT\RELEASE\STDAFX.OBJ
E:\ESOFT\深圳同为旭业舒总\HUAWEI UPS\POWERCUBE500_CLIENT\RELEASE\VC100.PDB
E:\ESOFT\深圳同为旭业舒总\HUAWEI UPS\UPS_CLIENT\DEBUG\MYTEST.BSC
E:\ESOFT\深圳同为旭业舒总\HUAWEI UPS\UPS_CLIENT\MTS.EXE
E:\ESOFT\深圳同为旭业舒总\HUAWEI UPS\UPS_CLIENT\MTS.EXE.EMBED.MANIFEST.RES
E:\ESOFT\深圳同为旭业舒总\HUAWEI UPS\UPS_CLIENT\MYTEST.RES
E:\ESOFT\深圳同为旭业舒总\HUAWEI UPS\UPS_CLIENT\RELEASE\DALLASDLG.OBJ
E:\ESOFT\深圳同为旭业舒总\HUAWEI UPS\UPS_CLIENT\RELEASE\DLGPROXY.OBJ
E:\ESOFT\深圳同为旭业舒总\HUAWEI UPS\UPS_CLIENT\RELEASE\EEPROMDLG.OBJ
E:\ESOFT\深圳同为旭业舒总\HUAWEI UPS\UPS_CLIENT\RELEASE\MSCOMM.OBJ
E:\ESOFT\深圳同为旭业舒总\HUAWEI UPS\UPS_CLIENT\RELEASE\MYTEST.OBJ
E:\ESOFT\深圳同为旭业舒总\HUAWEI UPS\UPS_CLIENT\RELEASE\MYTEST.PCH
E:\ESOFT\深圳同为旭业舒总\HUAWEI UPS\UPS_CLIENT\RELEASE\MYTESTDLG.OBJ
E:\ESOFT\深圳同为旭业舒总\HUAWEI UPS\UPS_CLIENT\RELEASE\RELAYDLG.OBJ
E:\ESOFT\深圳同为旭业舒总\HUAWEI UPS\UPS_CLIENT\RELEASE\STDAFX.OBJ
E:\ESOFT\深圳同为旭业舒总\HUAWEI UPS\UPS_CLIENT\RELEASE\VC100.PDB
