D:\GITHUB\KEHUA-PLAYER\CLIENT\KEHUA.EXE
D:\github\Kehua-player\Client\Kehua.exe.intermediate.manifest
D:\github\Kehua-player\Client\Kehua.ilk
D:\github\Kehua-player\Client\Kehua.pdb
D:\GITHUB\KEHUA-PLAYER\CLIENT\MYTEST_H.H
D:\GITHUB\KEHUA-PLAYER\CLIENT\MYTEST_I.C
D:\github\Kehua-player\Client\Release\cl.command.1.tlog
D:\github\Kehua-player\Client\Release\CL.read.1.tlog
D:\github\Kehua-player\Client\Release\CL.write.1.tlog
D:\GITHUB\KEHUA-PLAYER\CLIENT\RELEASE\DALLASDLG.OBJ
D:\GITHUB\KEHUA-PLAYER\CLIENT\RELEASE\DLGPROXY.OBJ
D:\GITHUB\KEHUA-PLAYER\CLIENT\RELEASE\EEPROMDLG.OBJ
D:\GITHUB\KEHUA-PLAYER\CLIENT\RELEASE\KEHUA.EXE.INTERMEDIATE.MANIFEST
D:\github\Kehua-player\Client\Release\Kehua.write.1.tlog
D:\github\Kehua-player\Client\Release\link.command.1.tlog
D:\github\Kehua-player\Client\Release\link.read.1.tlog
D:\github\Kehua-player\Client\Release\link.write.1.tlog
D:\github\Kehua-player\Client\Release\link-cvtres.read.1.tlog
D:\github\Kehua-player\Client\Release\link-cvtres.write.1.tlog
D:\github\Kehua-player\Client\Release\midl.command.1.tlog
D:\github\Kehua-player\Client\Release\midl.read.1.tlog
D:\github\Kehua-player\Client\Release\midl.write.1.tlog
D:\github\Kehua-player\Client\Release\midl-midlc.read.1.tlog
D:\github\Kehua-player\Client\Release\midl-midlc.write.1.tlog
D:\github\Kehua-player\Client\Release\midl-midlc-cl.read.1.tlog
D:\GITHUB\KEHUA-PLAYER\CLIENT\RELEASE\MSCOMM.OBJ
D:\github\Kehua-player\Client\Release\mt.command.1.tlog
D:\github\Kehua-player\Client\Release\mt.read.1.tlog
D:\github\Kehua-player\Client\Release\mt.write.1.tlog
D:\GITHUB\KEHUA-PLAYER\CLIENT\RELEASE\MYTEST.OBJ
D:\GITHUB\KEHUA-PLAYER\CLIENT\RELEASE\MYTEST.PCH
D:\GITHUB\KEHUA-PLAYER\CLIENT\RELEASE\MYTEST.RES
D:\GITHUB\KEHUA-PLAYER\CLIENT\RELEASE\MYTEST.TLB
D:\GITHUB\KEHUA-PLAYER\CLIENT\RELEASE\MYTESTDLG.OBJ
D:\github\Kehua-player\Client\Release\rc.command.1.tlog
D:\github\Kehua-player\Client\Release\rc.read.1.tlog
D:\github\Kehua-player\Client\Release\rc.write.1.tlog
D:\GITHUB\KEHUA-PLAYER\CLIENT\RELEASE\RELAYDLG.OBJ
D:\GITHUB\KEHUA-PLAYER\CLIENT\RELEASE\STDAFX.OBJ
D:\GITHUB\KEHUA-PLAYER\CLIENT\RELEASE\VC100.PDB
